This is pdfTeX, Version 3.141592653-2.6-1.40.24 (TeX Live 2022) (preloaded format=pdflatex 2022.11.17)  22 FEB 2024 18:19
entering extended mode
 restricted \write18 enabled.
 file:line:error style messages enabled.
 %&-line parsing enabled.
**"/Users/gianluca/Documents/OneDrive - Università degli Studi di Milano-Bicocca/Informatica/Intelligenza Artificiale/Progetto/ProgettoIA/latex/progetto.tex"
(/Users/gianluca/Documents/OneDrive - Università degli Studi di Milano-Bicocca/Informatica/Intelligenza Artificiale/Progetto/ProgettoIA/latex/progetto.tex
LaTeX2e <2021-11-15> patch level 1
L3 programming layer <2022-02-24> (/usr/local/texlive/2022/texmf-dist/tex/latex/base/article.cls
Document Class: article 2021/10/04 v1.4n Standard LaTeX document class
(/usr/local/texlive/2022/texmf-dist/tex/latex/base/size12.clo
File: size12.clo 2021/10/04 v1.4n Standard LaTeX file (size option)
)
\c@part=\count185
\c@section=\count186
\c@subsection=\count187
\c@subsubsection=\count188
\c@paragraph=\count189
\c@subparagraph=\count190
\c@figure=\count191
\c@table=\count192
\abovecaptionskip=\skip47
\belowcaptionskip=\skip48
\bibindent=\dimen138
) (/usr/local/texlive/2022/texmf-dist/tex/latex/base/inputenc.sty
Package: inputenc 2021/02/14 v1.3d Input encoding file
\inpenc@prehook=\toks16
\inpenc@posthook=\toks17
) (/usr/local/texlive/2022/texmf-dist/tex/generic/babel/babel.sty
Package: babel 2022/02/26 3.73 The Babel package
\babel@savecnt=\count193
\U@D=\dimen139
\l@unhyphenated=\language87
 (/usr/local/texlive/2022/texmf-dist/tex/generic/babel/txtbabel.def)
\bbl@readstream=\read2
\bbl@dirlevel=\count194
 (/usr/local/texlive/2022/texmf-dist/tex/generic/babel-italian/italian.ldf
Language: italian 2020/05/21 v.1.4.04 Italian support for the babel system
\it@lettering=\count195
\it@doublequoteactive=\count196
\it@ISOcompliance=\count197
)) (/usr/local/texlive/2022/texmf-dist/tex/latex/etoolbox/etoolbox.sty
Package: etoolbox 2020/10/05 v2.5k e-TeX tools for LaTeX (JAW)
\etb@tempcnta=\count198
) (/usr/local/texlive/2022/texmf-dist/tex/latex/amsmath/amsmath.sty
Package: amsmath 2021/10/15 v2.17l AMS math features
\@mathmargin=\skip49

For additional information on amsmath, use the `?' option.
(/usr/local/texlive/2022/texmf-dist/tex/latex/amsmath/amstext.sty
Package: amstext 2021/08/26 v2.01 AMS text
 (/usr/local/texlive/2022/texmf-dist/tex/latex/amsmath/amsgen.sty
File: amsgen.sty 1999/11/30 v2.0 generic functions
\@emptytoks=\toks18
\ex@=\dimen140
)) (/usr/local/texlive/2022/texmf-dist/tex/latex/amsmath/amsbsy.sty
Package: amsbsy 1999/11/29 v1.2d Bold Symbols
\pmbraise@=\dimen141
) (/usr/local/texlive/2022/texmf-dist/tex/latex/amsmath/amsopn.sty
Package: amsopn 2021/08/26 v2.02 operator names
)
\inf@bad=\count199
LaTeX Info: Redefining \frac on input line 234.
\uproot@=\count266
\leftroot@=\count267
LaTeX Info: Redefining \overline on input line 399.
\classnum@=\count268
\DOTSCASE@=\count269
LaTeX Info: Redefining \ldots on input line 496.
LaTeX Info: Redefining \dots on input line 499.
LaTeX Info: Redefining \cdots on input line 620.
\Mathstrutbox@=\box50
\strutbox@=\box51
\big@size=\dimen142
LaTeX Font Info:    Redeclaring font encoding OML on input line 743.
LaTeX Font Info:    Redeclaring font encoding OMS on input line 744.
\macc@depth=\count270
\c@MaxMatrixCols=\count271
\dotsspace@=\muskip16
\c@parentequation=\count272
\dspbrk@lvl=\count273
\tag@help=\toks19
\row@=\count274
\column@=\count275
\maxfields@=\count276
\andhelp@=\toks20
\eqnshift@=\dimen143
\alignsep@=\dimen144
\tagshift@=\dimen145
\tagwidth@=\dimen146
\totwidth@=\dimen147
\lineht@=\dimen148
\@envbody=\toks21
\multlinegap=\skip50
\multlinetaggap=\skip51
\mathdisplay@stack=\toks22
LaTeX Info: Redefining \[ on input line 2938.
LaTeX Info: Redefining \] on input line 2939.
) (/usr/local/texlive/2022/texmf-dist/tex/latex/amscls/amsthm.sty
Package: amsthm 2020/05/29 v2.20.6
\thm@style=\toks23
\thm@bodyfont=\toks24
\thm@headfont=\toks25
\thm@notefont=\toks26
\thm@headpunct=\toks27
\thm@preskip=\skip52
\thm@postskip=\skip53
\thm@headsep=\skip54
\dth@everypar=\toks28
) (/usr/local/texlive/2022/texmf-dist/tex/latex/graphics/color.sty
Package: color 2021/12/07 v1.3c Standard LaTeX Color (DPC)
 (/usr/local/texlive/2022/texmf-dist/tex/latex/graphics-cfg/color.cfg
File: color.cfg 2016/01/02 v1.6 sample color configuration
)
Package color Info: Driver file: pdftex.def on input line 149.
 (/usr/local/texlive/2022/texmf-dist/tex/latex/graphics-def/pdftex.def
File: pdftex.def 2020/10/05 v1.2a Graphics/color driver for pdftex
)) (/usr/local/texlive/2022/texmf-dist/tex/latex/listings/listings.sty (/usr/local/texlive/2022/texmf-dist/tex/latex/graphics/keyval.sty
Package: keyval 2014/10/28 v1.15 key=value parser (DPC)
\KV@toks@=\toks29
)
\lst@mode=\count277
\lst@gtempboxa=\box52
\lst@token=\toks30
\lst@length=\count278
\lst@currlwidth=\dimen149
\lst@column=\count279
\lst@pos=\count280
\lst@lostspace=\dimen150
\lst@width=\dimen151
\lst@newlines=\count281
\lst@lineno=\count282
\lst@maxwidth=\dimen152
 (/usr/local/texlive/2022/texmf-dist/tex/latex/listings/lstmisc.sty
File: lstmisc.sty 2020/03/24 1.8d (Carsten Heinz)
\c@lstnumber=\count283
\lst@skipnumbers=\count284
\lst@framebox=\box53
) (/usr/local/texlive/2022/texmf-dist/tex/latex/listings/listings.cfg
File: listings.cfg 2020/03/24 1.8d listings configuration
))
Package: listings 2020/03/24 1.8d (Carsten Heinz)
 (/usr/local/texlive/2022/texmf-dist/tex/latex/graphics/graphicx.sty
Package: graphicx 2021/09/16 v1.2d Enhanced LaTeX Graphics (DPC,SPQR)
 (/usr/local/texlive/2022/texmf-dist/tex/latex/graphics/graphics.sty
Package: graphics 2021/03/04 v1.4d Standard LaTeX Graphics (DPC,SPQR)
 (/usr/local/texlive/2022/texmf-dist/tex/latex/graphics/trig.sty
Package: trig 2021/08/11 v1.11 sin cos tan (DPC)
) (/usr/local/texlive/2022/texmf-dist/tex/latex/graphics-cfg/graphics.cfg
File: graphics.cfg 2016/06/04 v1.11 sample graphics configuration
)
Package graphics Info: Driver file: pdftex.def on input line 107.
)
\Gin@req@height=\dimen153
\Gin@req@width=\dimen154
) (/usr/local/texlive/2022/texmf-dist/tex/latex/float/float.sty
Package: float 2001/11/08 v1.3d Float enhancements (AL)
\c@float@type=\count285
\float@exts=\toks31
\float@box=\box54
\@float@everytoks=\toks32
\@floatcapt=\box55
) (/usr/local/texlive/2022/texmf-dist/tex/latex/listings/lstlang1.sty
File: lstlang1.sty 2020/03/24 1.8d listings language file
) (/usr/local/texlive/2022/texmf-dist/tex/latex/l3backend/l3backend-pdftex.def
File: l3backend-pdftex.def 2022-02-07 L3 backend support: PDF output (pdfTeX)
\l__color_backend_stack_int=\count286
\l__pdf_internal_box=\box56
) (./progetto.aux)
\openout1 = `progetto.aux'.

LaTeX Font Info:    Checking defaults for OML/cmm/m/it on input line 20.
LaTeX Font Info:    ... okay on input line 20.
LaTeX Font Info:    Checking defaults for OMS/cmsy/m/n on input line 20.
LaTeX Font Info:    ... okay on input line 20.
LaTeX Font Info:    Checking defaults for OT1/cmr/m/n on input line 20.
LaTeX Font Info:    ... okay on input line 20.
LaTeX Font Info:    Checking defaults for T1/cmr/m/n on input line 20.
LaTeX Font Info:    ... okay on input line 20.
LaTeX Font Info:    Checking defaults for TS1/cmr/m/n on input line 20.
LaTeX Font Info:    ... okay on input line 20.
LaTeX Font Info:    Checking defaults for OMX/cmex/m/n on input line 20.
LaTeX Font Info:    ... okay on input line 20.
LaTeX Font Info:    Checking defaults for U/cmr/m/n on input line 20.
LaTeX Font Info:    ... okay on input line 20.
LaTeX Info: Redefining \it@ocap on input line 20.
LaTeX Info: Redefining \it@ccap on input line 20.


File italian.ldf warning: 
italian.ldf    With OT1 encoding guillemets are poorly faked
italian.ldf    Use T1 encoding
italian.ldf    or specify a font with command \CaporaliFrom
italian.ldf    See the documentation concerning the babel-italian typesetting 
italian.ldf    on input line 20.

(/usr/local/texlive/2022/texmf-dist/tex/context/base/mkii/supp-pdf.mkii
[Loading MPS to PDF converter (version 2006.09.02).]
\scratchcounter=\count287
\scratchdimen=\dimen155
\scratchbox=\box57
\nofMPsegments=\count288
\nofMParguments=\count289
\everyMPshowfont=\toks33
\MPscratchCnt=\count290
\MPscratchDim=\dimen156
\MPnumerator=\count291
\makeMPintoPDFobject=\count292
\everyMPtoPDFconversion=\toks34
) (/usr/local/texlive/2022/texmf-dist/tex/latex/epstopdf-pkg/epstopdf-base.sty
Package: epstopdf-base 2020-01-24 v2.11 Base part for package epstopdf
Package epstopdf-base Info: Redefining graphics rule for `.eps' on input line 485.
 (/usr/local/texlive/2022/texmf-dist/tex/latex/latexconfig/epstopdf-sys.cfg
File: epstopdf-sys.cfg 2010/07/13 v1.3 Configuration of (r)epstopdf for TeX Live
))
\c@lstlisting=\count293
 [1

{/usr/local/texlive/2022/texmf-var/fonts/map/pdftex/updmap/pdftex.map}] [2]
LaTeX Font Info:    Trying to load font information for OMS+cmr on input line 84.
 (/usr/local/texlive/2022/texmf-dist/tex/latex/base/omscmr.fd
File: omscmr.fd 2019/12/16 v2.5j Standard LaTeX font definitions
)
LaTeX Font Info:    Font shape `OMS/cmr/m/n' in size <12> not available
(Font)              Font shape `OMS/cmsy/m/n' tried instead on input line 84.
 [3] [4]
LaTeX Font Info:    Trying to load font information for OML+cmr on input line 174.
 (/usr/local/texlive/2022/texmf-dist/tex/latex/base/omlcmr.fd
File: omlcmr.fd 2019/12/16 v2.5j Standard LaTeX font definitions
)
LaTeX Font Info:    Font shape `OML/cmr/m/it' in size <12> not available
(Font)              Font shape `OML/cmm/m/it' tried instead on input line 174.
 [5] [6]
<./Confronti/ARIMA1.png, id=34, 856.19875pt x 759.83875pt>
File: ./Confronti/ARIMA1.png Graphic file (type png)
<use ./Confronti/ARIMA1.png>
Package pdftex.def Info: ./Confronti/ARIMA1.png  used on input line 235.
(pdftex.def)             Requested size: 390.0pt x 346.10977pt.
<./Confronti/LSTM1.png, id=36, 694.595pt x 684.5575pt>
File: ./Confronti/LSTM1.png Graphic file (type png)
<use ./Confronti/LSTM1.png>
Package pdftex.def Info: ./Confronti/LSTM1.png  used on input line 240.
(pdftex.def)             Requested size: 390.0pt x 384.37323pt.
<./Confronti/GRAFICO1.png, id=37, 716.1957pt x 572.3784pt>
File: ./Confronti/GRAFICO1.png Graphic file (type png)
<use ./Confronti/GRAFICO1.png>
Package pdftex.def Info: ./Confronti/GRAFICO1.png  used on input line 244.
(pdftex.def)             Requested size: 390.0pt x 311.68239pt.
 [7 <./Confronti/ARIMA1.png>] [8 <./Confronti/LSTM1.png>]
<./Confronti/SQM1.png, id=47, 426.59375pt x 84.315pt>
File: ./Confronti/SQM1.png Graphic file (type png)
<use ./Confronti/SQM1.png>
Package pdftex.def Info: ./Confronti/SQM1.png  used on input line 251.
(pdftex.def)             Requested size: 195.0pt x 38.54219pt.
 [9 <./Confronti/GRAFICO1.png> <./Confronti/SQM1.png>]
<./Confronti/ARIMA2.png, id=53, 863.225pt x 864.22874pt>
File: ./Confronti/ARIMA2.png Graphic file (type png)
<use ./Confronti/ARIMA2.png>
Package pdftex.def Info: ./Confronti/ARIMA2.png  used on input line 276.
(pdftex.def)             Requested size: 350.99762pt x 351.39536pt.
<./Confronti/LSTM2.png, id=54, 695.59875pt x 895.345pt>
File: ./Confronti/LSTM2.png Graphic file (type png)
<use ./Confronti/LSTM2.png>
Package pdftex.def Info: ./Confronti/LSTM2.png  used on input line 282.
(pdftex.def)             Requested size: 350.99762pt x 451.78362pt.
 [10]
<./Confronti/GRAFICO2.png, id=58, 823.1553pt x 596.9502pt>
File: ./Confronti/GRAFICO2.png Graphic file (type png)
<use ./Confronti/GRAFICO2.png>
Package pdftex.def Info: ./Confronti/GRAFICO2.png  used on input line 286.
(pdftex.def)             Requested size: 390.0pt x 282.8347pt.
 [11 <./Confronti/ARIMA2.png>] [12 <./Confronti/LSTM2.png>]
<./Confronti/SQM2.png, id=67, 426.59375pt x 84.315pt>
File: ./Confronti/SQM2.png Graphic file (type png)
<use ./Confronti/SQM2.png>
Package pdftex.def Info: ./Confronti/SQM2.png  used on input line 293.
(pdftex.def)             Requested size: 195.0pt x 38.54219pt.
 [13 <./Confronti/GRAFICO2.png> <./Confronti/SQM2.png>]
<./Confronti/ARIMA3.png, id=74, 860.21375pt x 1079.03125pt>
File: ./Confronti/ARIMA3.png Graphic file (type png)
<use ./Confronti/ARIMA3.png>
Package pdftex.def Info: ./Confronti/ARIMA3.png  used on input line 318.
(pdftex.def)             Requested size: 312.00119pt x 391.3652pt.
<./Confronti/LSTM3-1.png, id=75, 668.4975pt x 433.62pt>
File: ./Confronti/LSTM3-1.png Graphic file (type png)
<use ./Confronti/LSTM3-1.png>
Package pdftex.def Info: ./Confronti/LSTM3-1.png  used on input line 324.
(pdftex.def)             Requested size: 312.00119pt x 202.3855pt.
 [14]
<./Confronti/LSTM3-2.png, id=79, 734.745pt x 873.2625pt>
File: ./Confronti/LSTM3-2.png Graphic file (type png)
<use ./Confronti/LSTM3-2.png>
Package pdftex.def Info: ./Confronti/LSTM3-2.png  used on input line 329.
(pdftex.def)             Requested size: 234.00238pt x 278.11722pt.
 [15 <./Confronti/ARIMA3.png>]
<./Confronti/GRAFICO3.png, id=84, 832.5504pt x 586.1097pt>
File: ./Confronti/GRAFICO3.png Graphic file (type png)
<use ./Confronti/GRAFICO3.png>
Package pdftex.def Info: ./Confronti/GRAFICO3.png  used on input line 333.
(pdftex.def)             Requested size: 390.0pt x 274.55937pt.
 [16 <./Confronti/LSTM3-1.png> <./Confronti/LSTM3-2.png>]
<./Confronti/SQM3.png, id=90, 419.5675pt x 82.3075pt>
File: ./Confronti/SQM3.png Graphic file (type png)
<use ./Confronti/SQM3.png>
Package pdftex.def Info: ./Confronti/SQM3.png  used on input line 340.
(pdftex.def)             Requested size: 195.0pt x 38.25374pt.
 [17 <./Confronti/GRAFICO3.png> <./Confronti/SQM3.png>] [18] (./progetto.aux) ) 
Here is how much of TeX's memory you used:
 5553 strings out of 478268
 83842 string characters out of 5846346
 679663 words of memory out of 5000000
 23705 multiletter control sequences out of 15000+600000
 477794 words of font info for 57 fonts, out of 8000000 for 9000
 1141 hyphenation exceptions out of 8191
 55i,8n,62p,368b,1629s stack positions out of 10000i,1000n,20000p,200000b,200000s
{/usr/local/texlive/2022/texmf-dist/fonts/enc/dvips/cm-super/cm-super-ts1.enc}</usr/local/texlive/2022/texmf-dist/fonts/type1/public/amsfonts/cm/cmbx10.pfb></usr/local/texlive/2022/texmf-dist/fonts/type1/public/amsfonts/cm/cmbx12.pfb></usr/local/texlive/2022/texmf-dist/fonts/type1/public/amsfonts/cm/cmmi12.pfb></usr/local/texlive/2022/texmf-dist/fonts/type1/public/amsfonts/cm/cmr10.pfb></usr/local/texlive/2022/texmf-dist/fonts/type1/public/amsfonts/cm/cmr12.pfb></usr/local/texlive/2022/texmf-dist/fonts/type1/public/amsfonts/cm/cmr17.pfb></usr/local/texlive/2022/texmf-dist/fonts/type1/public/amsfonts/cm/cmr7.pfb></usr/local/texlive/2022/texmf-dist/fonts/type1/public/amsfonts/cm/cmr8.pfb></usr/local/texlive/2022/texmf-dist/fonts/type1/public/amsfonts/cm/cmsy10.pfb></usr/local/texlive/2022/texmf-dist/fonts/type1/public/amsfonts/cm/cmti10.pfb></usr/local/texlive/2022/texmf-dist/fonts/type1/public/amsfonts/cm/cmti12.pfb></usr/local/texlive/2022/texmf-dist/fonts/type1/public/cm-super/sfrm1200.pfb></usr/local/texlive/2022/texmf-dist/fonts/type1/public/cm-super/sfti1200.pfb>
Output written on progetto.pdf (18 pages, 858958 bytes).
PDF statistics:
 155 PDF objects out of 1000 (max. 8388607)
 82 compressed objects within 1 object stream
 0 named destinations out of 1000 (max. 500000)
 66 words of extra memory for PDF output out of 10000 (max. 10000000)

